2023-03-01 02:07:01,057:INFO:PyCaret Supervised Module
2023-03-01 02:07:01,060:INFO:ML Usecase: regression
2023-03-01 02:07:01,061:INFO:version 2.3.10
2023-03-01 02:07:01,062:INFO:Initializing setup()
2023-03-01 02:07:01,062:INFO:setup(target=price, ml_usecase=regression, available_plots={'parameter': 'Hyperparameters', 'residuals': 'Residuals', 'error': 'Prediction Error', 'cooks': 'Cooks Distance', 'rfe': 'Feature Selection', 'learning': 'Learning Curve', 'manifold': 'Manifold Learning', 'vc': 'Validation Curve', 'feature': 'Feature Importance', 'feature_all': 'Feature Importance (All)', 'tree': 'Decision Tree', 'residuals_interactive': 'Interactive Residuals'}, train_size=0.7, test_data=None, preprocess=True, imputation_type=simple, iterative_imputation_iters=5, categorical_features=None, categorical_imputation=constant, categorical_iterative_imputer=lightgbm, ordinal_features=None, high_cardinality_features=None, high_cardinality_method=frequency, numeric_features=None, numeric_imputation=mean, numeric_iterative_imputer=lightgbm, date_features=None, ignore_features=None, normalize=False, normalize_method=zscore, transformation=False, transformation_method=yeo-johnson, handle_unknown_categorical=True, unknown_categorical_method=least_frequent, pca=False, pca_method=linear, pca_components=None, ignore_low_variance=False, combine_rare_levels=False, rare_level_threshold=0.1, bin_numeric_features=None, remove_outliers=False, outliers_threshold=0.05, remove_multicollinearity=False, multicollinearity_threshold=0.9, remove_perfect_collinearity=True, create_clusters=False, cluster_iter=20, polynomial_features=False, polynomial_degree=2, trigonometry_features=False, polynomial_threshold=0.1, group_features=None, group_names=None, feature_selection=False, feature_selection_threshold=0.8, feature_selection_method=classic, feature_interaction=False, feature_ratio=False, interaction_threshold=0.01, fix_imbalance=False, fix_imbalance_method=None, transform_target=False, transform_target_method=box-cox, data_split_shuffle=True, data_split_stratify=False, fold_strategy=kfold, fold=10, fold_shuffle=False, fold_groups=None, n_jobs=-1, use_gpu=False, custom_pipeline=None, html=True, session_id=None, log_experiment=False, experiment_name=None, experiment_custom_tags=None, log_plots=False, log_profile=False, log_data=False, silent=True, verbose=True, profile=False, profile_kwargs=None, display=None)
2023-03-01 02:07:01,068:INFO:Checking environment
2023-03-01 02:07:01,069:INFO:python_version: 3.8.0
2023-03-01 02:07:01,075:INFO:python_build: ('default', 'Nov  6 2019 16:00:02')
2023-03-01 02:07:01,080:INFO:machine: AMD64
2023-03-01 02:07:01,082:INFO:platform: Windows-10-10.0.19041-SP0
2023-03-01 02:07:01,082:INFO:Memory: svmem(total=8451756032, available=2120683520, percent=74.9, used=6331072512, free=2120683520)
2023-03-01 02:07:01,086:INFO:Physical Core: 2
2023-03-01 02:07:01,089:INFO:Logical Core: 4
2023-03-01 02:07:01,091:INFO:Checking libraries
2023-03-01 02:07:01,092:INFO:pd==1.5.1
2023-03-01 02:07:01,096:INFO:numpy==1.20.3
2023-03-01 02:07:01,097:INFO:sklearn==0.23.2
2023-03-01 02:07:01,104:INFO:lightgbm==3.3.3
2023-03-01 02:07:01,107:WARNING:catboost not found
2023-03-01 02:07:01,116:WARNING:xgboost not found
2023-03-01 02:07:01,122:INFO:mlflow==1.30.0
2023-03-01 02:07:01,123:INFO:Checking Exceptions
2023-03-01 02:07:01,125:INFO:Declaring global variables
2023-03-01 02:07:01,126:INFO:USI: 3a82
2023-03-01 02:07:01,127:INFO:pycaret_globals: {'X_train', 'log_plots_param', 'y_train', 'fix_imbalance_param', 'fold_param', 'transform_target_method_param', 'exp_name_log', 'pycaret_globals', 'USI', 'X', '_gpu_n_jobs_param', 'seed', 'iterative_imputation_iters_param', 'fold_shuffle_param', 'gpu_param', 'html_param', 'target_param', 'dashboard_logger', '_available_plots', 'stratify_param', '_all_models', 'imputation_regressor', 'create_model_container', '_ml_usecase', 'master_model_container', '_internal_pipeline', 'y', 'fold_groups_param_full', 'fold_groups_param', 'fold_generator', 'X_test', 'fix_imbalance_method_param', 'experiment__', 'n_jobs_param', '_all_models_internal', 'transform_target_param', 'imputation_classifier', 'data_before_preprocess', 'display_container', 'logging_param', '_all_metrics', 'y_test', 'prep_pipe'}
2023-03-01 02:07:01,129:INFO:Preparing display monitor
2023-03-01 02:07:01,131:INFO:Preparing display monitor
2023-03-01 02:07:01,156:INFO:Importing libraries
2023-03-01 02:07:01,156:INFO:Copying data for preprocessing
2023-03-01 02:07:01,164:INFO:Declaring preprocessing parameters
2023-03-01 02:07:01,170:INFO:Creating preprocessing pipeline
2023-03-01 02:07:01,191:INFO:Preprocessing pipeline created successfully
2023-03-01 02:07:01,191:ERROR:(Process Exit): setup has been interupted with user command 'quit'. setup must rerun.
2023-03-01 02:07:01,192:INFO:Creating global containers
2023-03-01 02:07:01,195:INFO:Internal pipeline: Pipeline(memory=None, steps=[('empty_step', 'passthrough')], verbose=False)
2023-03-01 02:07:25,572:WARNING:Couldn't import xgboost.XGBRegressor
2023-03-01 02:07:25,640:WARNING:Couldn't import catboost.CatBoostRegressor
2023-03-01 02:07:25,792:WARNING:Couldn't import xgboost.XGBRegressor
2023-03-01 02:07:25,798:WARNING:Couldn't import catboost.CatBoostRegressor
2023-03-01 02:07:25,799:INFO:Creating grid variables
2023-03-01 02:07:25,901:INFO:create_model_container: 0
2023-03-01 02:07:25,902:INFO:master_model_container: 0
2023-03-01 02:07:25,903:INFO:display_container: 1
2023-03-01 02:07:25,914:INFO:Pipeline(memory=None,
         steps=[('dtypes',
                 DataTypes_Auto_infer(categorical_features=[],
                                      display_types=False, features_todrop=[],
                                      id_columns=[], ml_usecase='regression',
                                      numerical_features=[], target='price',
                                      time_features=[])),
                ('imputer',
                 Simple_Imputer(categorical_strategy='not_available',
                                fill_value_categorical=None,
                                fill_value_numerical=None,
                                numeric_strategy=...
                ('scaling', 'passthrough'), ('P_transform', 'passthrough'),
                ('binn', 'passthrough'), ('rem_outliers', 'passthrough'),
                ('cluster_all', 'passthrough'),
                ('dummy', Dummify(target='price')),
                ('fix_perfect', Remove_100(target='price')),
                ('clean_names', Clean_Colum_Names()),
                ('feature_select', 'passthrough'), ('fix_multi', 'passthrough'),
                ('dfs', 'passthrough'), ('pca', 'passthrough')],
         verbose=False)
2023-03-01 02:07:25,918:INFO:setup() succesfully completed......................................
2023-03-01 02:07:27,556:INFO:Initializing compare_models()
2023-03-01 02:07:27,556:INFO:compare_models(include=None, fold=None, round=4, cross_validation=True, sort=R2, n_select=1, budget_time=None, turbo=True, errors=ignore, fit_kwargs=None, groups=None, experiment_custom_tags=None, probability_threshold=None, verbose=True, display=None, exclude=None)
2023-03-01 02:07:27,556:INFO:Checking exceptions
2023-03-01 02:07:27,563:INFO:Preparing display monitor
2023-03-01 02:07:27,564:INFO:Preparing display monitor
2023-03-01 02:07:27,604:INFO:Initializing Linear Regression
2023-03-01 02:07:27,605:INFO:Total runtime is 1.6669432322184246e-05 minutes
2023-03-01 02:07:27,617:INFO:SubProcess create_model() called ==================================
2023-03-01 02:07:27,620:INFO:Initializing create_model()
2023-03-01 02:07:27,620:INFO:create_model(estimator=lr, fold=KFold(n_splits=10, random_state=None, shuffle=False), round=4, cross_validation=True, predict=True, fit_kwargs={}, groups=None, refit=False, verbose=False, system=False, metrics=None, experiment_custom_tags=None, add_to_model_list=True, probability_threshold=None, display=<pycaret.internal.Display.Display object at 0x000002AF14162400>, return_train_score=False, kwargs={})
2023-03-01 02:07:27,622:INFO:Checking exceptions
2023-03-01 02:07:27,622:INFO:Importing libraries
2023-03-01 02:07:27,624:INFO:Copying training dataset
2023-03-01 02:07:27,681:INFO:Defining folds
2023-03-01 02:07:27,682:INFO:Declaring metric variables
2023-03-01 02:07:27,688:INFO:Importing untrained model
2023-03-01 02:07:27,695:INFO:Linear Regression Imported succesfully
2023-03-01 02:07:27,709:INFO:Starting cross validation
2023-03-01 02:07:27,724:INFO:Cross validating with KFold(n_splits=10, random_state=None, shuffle=False), n_jobs=-1
2023-03-01 02:11:48,052:INFO:Calculating mean and std
2023-03-01 02:11:48,056:INFO:Creating metrics dataframe
2023-03-01 02:11:48,103:INFO:Uploading results into container
2023-03-01 02:11:48,103:INFO:Uploading model into container now
2023-03-01 02:11:48,104:INFO:create_model_container: 1
2023-03-01 02:11:48,104:INFO:master_model_container: 1
2023-03-01 02:11:48,105:INFO:display_container: 2
2023-03-01 02:11:48,105:INFO:LinearRegression(copy_X=True, fit_intercept=True, n_jobs=-1, normalize=False)
2023-03-01 02:11:48,106:INFO:create_model() succesfully completed......................................
2023-03-01 02:11:48,310:INFO:SubProcess create_model() end ==================================
2023-03-01 02:11:48,310:INFO:Creating metrics dataframe
2023-03-01 02:11:48,327:INFO:Initializing Lasso Regression
2023-03-01 02:11:48,327:INFO:Total runtime is 4.345385984579722 minutes
2023-03-01 02:11:48,335:INFO:SubProcess create_model() called ==================================
2023-03-01 02:11:48,337:INFO:Initializing create_model()
2023-03-01 02:11:48,338:INFO:create_model(estimator=lasso, fold=KFold(n_splits=10, random_state=None, shuffle=False), round=4, cross_validation=True, predict=True, fit_kwargs={}, groups=None, refit=False, verbose=False, system=False, metrics=None, experiment_custom_tags=None, add_to_model_list=True, probability_threshold=None, display=<pycaret.internal.Display.Display object at 0x000002AF14162400>, return_train_score=False, kwargs={})
2023-03-01 02:11:48,339:INFO:Checking exceptions
2023-03-01 02:11:48,340:INFO:Importing libraries
2023-03-01 02:11:48,341:INFO:Copying training dataset
2023-03-01 02:11:48,420:INFO:Defining folds
2023-03-01 02:11:48,420:INFO:Declaring metric variables
2023-03-01 02:11:48,431:INFO:Importing untrained model
2023-03-01 02:11:48,446:INFO:Lasso Regression Imported succesfully
2023-03-01 02:11:48,468:INFO:Starting cross validation
2023-03-01 02:11:48,470:INFO:Cross validating with KFold(n_splits=10, random_state=None, shuffle=False), n_jobs=-1
2023-03-01 02:11:55,187:INFO:Calculating mean and std
2023-03-01 02:11:55,189:INFO:Creating metrics dataframe
2023-03-01 02:11:55,198:INFO:Uploading results into container
2023-03-01 02:11:55,198:INFO:Uploading model into container now
2023-03-01 02:11:55,199:INFO:create_model_container: 2
2023-03-01 02:11:55,200:INFO:master_model_container: 2
2023-03-01 02:11:55,200:INFO:display_container: 2
2023-03-01 02:11:55,203:INFO:Lasso(alpha=1.0, copy_X=True, fit_intercept=True, max_iter=1000,
      normalize=False, positive=False, precompute=False, random_state=2588,
      selection='cyclic', tol=0.0001, warm_start=False)
2023-03-01 02:11:55,204:INFO:create_model() succesfully completed......................................
2023-03-01 02:11:55,353:INFO:SubProcess create_model() end ==================================
2023-03-01 02:11:55,353:INFO:Creating metrics dataframe
2023-03-01 02:11:55,377:INFO:Initializing Ridge Regression
2023-03-01 02:11:55,378:INFO:Total runtime is 4.462897205352784 minutes
2023-03-01 02:11:55,386:INFO:SubProcess create_model() called ==================================
2023-03-01 02:11:55,387:INFO:Initializing create_model()
2023-03-01 02:11:55,388:INFO:create_model(estimator=ridge, fold=KFold(n_splits=10, random_state=None, shuffle=False), round=4, cross_validation=True, predict=True, fit_kwargs={}, groups=None, refit=False, verbose=False, system=False, metrics=None, experiment_custom_tags=None, add_to_model_list=True, probability_threshold=None, display=<pycaret.internal.Display.Display object at 0x000002AF14162400>, return_train_score=False, kwargs={})
2023-03-01 02:11:55,390:INFO:Checking exceptions
2023-03-01 02:11:55,391:INFO:Importing libraries
2023-03-01 02:11:55,391:INFO:Copying training dataset
2023-03-01 02:11:55,452:INFO:Defining folds
2023-03-01 02:11:55,453:INFO:Declaring metric variables
2023-03-01 02:11:55,463:INFO:Importing untrained model
2023-03-01 02:11:55,480:INFO:Ridge Regression Imported succesfully
2023-03-01 02:11:55,500:INFO:Starting cross validation
2023-03-01 02:11:55,501:INFO:Cross validating with KFold(n_splits=10, random_state=None, shuffle=False), n_jobs=-1
2023-03-01 02:12:21,609:INFO:Calculating mean and std
2023-03-01 02:12:21,612:INFO:Creating metrics dataframe
2023-03-01 02:12:21,617:INFO:Uploading results into container
2023-03-01 02:12:21,617:INFO:Uploading model into container now
2023-03-01 02:12:21,617:INFO:create_model_container: 3
2023-03-01 02:12:21,617:INFO:master_model_container: 3
2023-03-01 02:12:21,617:INFO:display_container: 2
2023-03-01 02:12:21,627:INFO:Ridge(alpha=1.0, copy_X=True, fit_intercept=True, max_iter=None,
      normalize=False, random_state=2588, solver='auto', tol=0.001)
2023-03-01 02:12:21,629:INFO:create_model() succesfully completed......................................
2023-03-01 02:12:21,780:INFO:SubProcess create_model() end ==================================
2023-03-01 02:12:21,780:INFO:Creating metrics dataframe
2023-03-01 02:12:21,802:INFO:Initializing Elastic Net
2023-03-01 02:12:21,803:INFO:Total runtime is 4.903321079413097 minutes
2023-03-01 02:12:21,811:INFO:SubProcess create_model() called ==================================
2023-03-01 02:12:21,812:INFO:Initializing create_model()
2023-03-01 02:12:21,812:INFO:create_model(estimator=en, fold=KFold(n_splits=10, random_state=None, shuffle=False), round=4, cross_validation=True, predict=True, fit_kwargs={}, groups=None, refit=False, verbose=False, system=False, metrics=None, experiment_custom_tags=None, add_to_model_list=True, probability_threshold=None, display=<pycaret.internal.Display.Display object at 0x000002AF14162400>, return_train_score=False, kwargs={})
2023-03-01 02:12:21,814:INFO:Checking exceptions
2023-03-01 02:12:21,814:INFO:Importing libraries
2023-03-01 02:12:21,814:INFO:Copying training dataset
2023-03-01 02:12:21,890:INFO:Defining folds
2023-03-01 02:12:21,891:INFO:Declaring metric variables
2023-03-01 02:12:21,903:INFO:Importing untrained model
2023-03-01 02:12:21,955:INFO:Elastic Net Imported succesfully
2023-03-01 02:12:22,007:INFO:Starting cross validation
2023-03-01 02:12:22,008:INFO:Cross validating with KFold(n_splits=10, random_state=None, shuffle=False), n_jobs=-1
2023-03-01 02:12:26,416:INFO:Calculating mean and std
2023-03-01 02:12:26,416:INFO:Creating metrics dataframe
2023-03-01 02:12:26,427:INFO:Uploading results into container
2023-03-01 02:12:26,429:INFO:Uploading model into container now
2023-03-01 02:12:26,430:INFO:create_model_container: 4
2023-03-01 02:12:26,431:INFO:master_model_container: 4
2023-03-01 02:12:26,432:INFO:display_container: 2
2023-03-01 02:12:26,434:INFO:ElasticNet(alpha=1.0, copy_X=True, fit_intercept=True, l1_ratio=0.5,
           max_iter=1000, normalize=False, positive=False, precompute=False,
           random_state=2588, selection='cyclic', tol=0.0001, warm_start=False)
2023-03-01 02:12:26,435:INFO:create_model() succesfully completed......................................
2023-03-01 02:12:26,625:INFO:SubProcess create_model() end ==================================
2023-03-01 02:12:26,625:INFO:Creating metrics dataframe
2023-03-01 02:12:26,641:INFO:Initializing Least Angle Regression
2023-03-01 02:12:26,642:INFO:Total runtime is 4.983962770303091 minutes
2023-03-01 02:12:26,656:INFO:SubProcess create_model() called ==================================
2023-03-01 02:12:26,658:INFO:Initializing create_model()
2023-03-01 02:12:26,659:INFO:create_model(estimator=lar, fold=KFold(n_splits=10, random_state=None, shuffle=False), round=4, cross_validation=True, predict=True, fit_kwargs={}, groups=None, refit=False, verbose=False, system=False, metrics=None, experiment_custom_tags=None, add_to_model_list=True, probability_threshold=None, display=<pycaret.internal.Display.Display object at 0x000002AF14162400>, return_train_score=False, kwargs={})
2023-03-01 02:12:26,661:INFO:Checking exceptions
2023-03-01 02:12:26,663:INFO:Importing libraries
2023-03-01 02:12:26,664:INFO:Copying training dataset
2023-03-01 02:12:26,735:INFO:Defining folds
2023-03-01 02:12:26,736:INFO:Declaring metric variables
2023-03-01 02:12:26,746:INFO:Importing untrained model
2023-03-01 02:12:26,760:INFO:Least Angle Regression Imported succesfully
2023-03-01 02:12:26,790:INFO:Starting cross validation
2023-03-01 02:12:26,795:INFO:Cross validating with KFold(n_splits=10, random_state=None, shuffle=False), n_jobs=-1
2023-03-01 02:13:00,658:INFO:Calculating mean and std
2023-03-01 02:13:00,658:INFO:Creating metrics dataframe
2023-03-01 02:13:00,676:INFO:Uploading results into container
2023-03-01 02:13:00,677:INFO:Uploading model into container now
2023-03-01 02:13:00,677:INFO:create_model_container: 5
2023-03-01 02:13:00,679:INFO:master_model_container: 5
2023-03-01 02:13:00,680:INFO:display_container: 2
2023-03-01 02:13:00,690:INFO:Lars(copy_X=True, eps=2.220446049250313e-16, fit_intercept=True, fit_path=True,
     jitter=None, n_nonzero_coefs=500, normalize=True, precompute='auto',
     random_state=2588, verbose=False)
2023-03-01 02:13:00,691:INFO:create_model() succesfully completed......................................
2023-03-01 02:13:00,862:INFO:SubProcess create_model() end ==================================
2023-03-01 02:13:00,862:INFO:Creating metrics dataframe
2023-03-01 02:13:00,934:INFO:Initializing Lasso Least Angle Regression
2023-03-01 02:13:00,935:INFO:Total runtime is 5.555514633655548 minutes
2023-03-01 02:13:00,943:INFO:SubProcess create_model() called ==================================
2023-03-01 02:13:00,944:INFO:Initializing create_model()
2023-03-01 02:13:00,945:INFO:create_model(estimator=llar, fold=KFold(n_splits=10, random_state=None, shuffle=False), round=4, cross_validation=True, predict=True, fit_kwargs={}, groups=None, refit=False, verbose=False, system=False, metrics=None, experiment_custom_tags=None, add_to_model_list=True, probability_threshold=None, display=<pycaret.internal.Display.Display object at 0x000002AF14162400>, return_train_score=False, kwargs={})
2023-03-01 02:13:00,947:INFO:Checking exceptions
2023-03-01 02:13:00,948:INFO:Importing libraries
2023-03-01 02:13:00,950:INFO:Copying training dataset
2023-03-01 02:13:01,019:INFO:Defining folds
2023-03-01 02:13:01,020:INFO:Declaring metric variables
2023-03-01 02:13:01,037:INFO:Importing untrained model
2023-03-01 02:13:01,049:INFO:Lasso Least Angle Regression Imported succesfully
2023-03-01 02:13:01,073:INFO:Starting cross validation
2023-03-01 02:13:01,076:INFO:Cross validating with KFold(n_splits=10, random_state=None, shuffle=False), n_jobs=-1
2023-03-01 02:13:24,265:INFO:Calculating mean and std
2023-03-01 02:13:24,267:INFO:Creating metrics dataframe
2023-03-01 02:13:24,278:INFO:Uploading results into container
2023-03-01 02:13:24,280:INFO:Uploading model into container now
2023-03-01 02:13:24,282:INFO:create_model_container: 6
2023-03-01 02:13:24,283:INFO:master_model_container: 6
2023-03-01 02:13:24,284:INFO:display_container: 2
2023-03-01 02:13:24,286:INFO:LassoLars(alpha=1.0, copy_X=True, eps=2.220446049250313e-16, fit_intercept=True,
          fit_path=True, jitter=None, max_iter=500, normalize=True,
          positive=False, precompute='auto', random_state=2588, verbose=False)
2023-03-01 02:13:24,287:INFO:create_model() succesfully completed......................................
2023-03-01 02:13:24,453:INFO:SubProcess create_model() end ==================================
2023-03-01 02:13:24,453:INFO:Creating metrics dataframe
2023-03-01 02:13:24,511:INFO:Initializing Orthogonal Matching Pursuit
2023-03-01 02:13:24,512:INFO:Total runtime is 5.948464854558309 minutes
2023-03-01 02:13:24,533:INFO:SubProcess create_model() called ==================================
2023-03-01 02:13:24,534:INFO:Initializing create_model()
2023-03-01 02:13:24,535:INFO:create_model(estimator=omp, fold=KFold(n_splits=10, random_state=None, shuffle=False), round=4, cross_validation=True, predict=True, fit_kwargs={}, groups=None, refit=False, verbose=False, system=False, metrics=None, experiment_custom_tags=None, add_to_model_list=True, probability_threshold=None, display=<pycaret.internal.Display.Display object at 0x000002AF14162400>, return_train_score=False, kwargs={})
2023-03-01 02:13:24,536:INFO:Checking exceptions
2023-03-01 02:13:24,538:INFO:Importing libraries
2023-03-01 02:13:24,538:INFO:Copying training dataset
2023-03-01 02:13:24,597:INFO:Defining folds
2023-03-01 02:13:24,598:INFO:Declaring metric variables
2023-03-01 02:13:24,610:INFO:Importing untrained model
2023-03-01 02:13:24,619:INFO:Orthogonal Matching Pursuit Imported succesfully
2023-03-01 02:13:24,642:INFO:Starting cross validation
2023-03-01 02:13:24,645:INFO:Cross validating with KFold(n_splits=10, random_state=None, shuffle=False), n_jobs=-1
2023-03-01 02:13:52,846:INFO:Calculating mean and std
2023-03-01 02:13:52,851:INFO:Creating metrics dataframe
2023-03-01 02:13:52,859:INFO:Uploading results into container
2023-03-01 02:13:52,859:INFO:Uploading model into container now
2023-03-01 02:13:52,860:INFO:create_model_container: 7
2023-03-01 02:13:52,861:INFO:master_model_container: 7
2023-03-01 02:13:52,862:INFO:display_container: 2
2023-03-01 02:13:52,863:INFO:OrthogonalMatchingPursuit(fit_intercept=True, n_nonzero_coefs=None,
                          normalize=True, precompute='auto', tol=None)
2023-03-01 02:13:52,864:INFO:create_model() succesfully completed......................................
2023-03-01 02:13:53,072:INFO:SubProcess create_model() end ==================================
2023-03-01 02:13:53,072:INFO:Creating metrics dataframe
2023-03-01 02:13:53,092:INFO:Initializing Bayesian Ridge
2023-03-01 02:13:53,094:INFO:Total runtime is 6.424815193812052 minutes
2023-03-01 02:13:53,108:INFO:SubProcess create_model() called ==================================
2023-03-01 02:13:53,110:INFO:Initializing create_model()
2023-03-01 02:13:53,110:INFO:create_model(estimator=br, fold=KFold(n_splits=10, random_state=None, shuffle=False), round=4, cross_validation=True, predict=True, fit_kwargs={}, groups=None, refit=False, verbose=False, system=False, metrics=None, experiment_custom_tags=None, add_to_model_list=True, probability_threshold=None, display=<pycaret.internal.Display.Display object at 0x000002AF14162400>, return_train_score=False, kwargs={})
2023-03-01 02:13:53,140:INFO:Checking exceptions
2023-03-01 02:13:53,141:INFO:Importing libraries
2023-03-01 02:13:53,141:INFO:Copying training dataset
2023-03-01 02:13:53,209:INFO:Defining folds
2023-03-01 02:13:53,210:INFO:Declaring metric variables
2023-03-01 02:13:53,222:INFO:Importing untrained model
2023-03-01 02:13:53,234:INFO:Bayesian Ridge Imported succesfully
2023-03-01 02:13:53,259:INFO:Starting cross validation
2023-03-01 02:13:53,261:INFO:Cross validating with KFold(n_splits=10, random_state=None, shuffle=False), n_jobs=-1
